PMDM/1raAVA/AndroidStudio/firebase/app/build/intermediates/manifest_merge_blame_file/debug/manifest-merger-blame-debug-report.txt
1<?xml version="1.0" encoding="utf-8"?>
2<manifest xmlns:android="http://schemas.android.com/apk/res/android"
3    package="com.dam.pmdm.firebase"
4    android:versionCode="1"
5    android:versionName="1.0" >
6
7    <uses-sdk
8        android:minSdkVersion="24"
9        android:targetSdkVersion="33" />
10
11    <uses-permission android:name="android.permission.INTERNET" />
11-->[com.google.firebase:firebase-auth:22.3.1] AndroidManifest.xml:25:5-67
11-->[com.google.firebase:firebase-auth:22.3.1] AndroidManifest.xml:25:22-64
12    <uses-permission android:name="android.permission.ACCESS_NETWORK_STATE" />
12-->[com.google.firebase:firebase-auth:22.3.1] AndroidManifest.xml:26:5-79
12-->[com.google.firebase:firebase-auth:22.3.1] AndroidManifest.xml:26:22-76
13    <uses-permission android:name="com.google.android.providers.gsf.permission.READ_GSERVICES" />
13-->[com.google.android.recaptcha:recaptcha:18.4.0] AndroidManifest.xml:9:5-98
13-->[com.google.android.recaptcha:recaptcha:18.4.0] AndroidManifest.xml:9:22-95
14
15    <permission
15-->[androidx.core:core:1.9.0] AndroidManifest.xml:22:5-24:47
16        android:name="com.dam.pmdm.firebase.DYNAMIC_RECEIVER_NOT_EXPORTED_PERMISSION"
16-->[androidx.core:core:1.9.0] AndroidManifest.xml:23:9-81
17        android:protectionLevel="signature" />
17-->[androidx.core:core:1.9.0] AndroidManifest.xml:24:9-44
18
19    <uses-permission android:name="com.dam.pmdm.firebase.DYNAMIC_RECEIVER_NOT_EXPORTED_PERMISSION" />
19-->[androidx.core:core:1.9.0] AndroidManifest.xml:26:5-97
19-->[androidx.core:core:1.9.0] AndroidManifest.xml:26:22-94
20
21    <application
21-->src\main\AndroidManifest.xml:5:5-26:19
22        android:allowBackup="true"
22-->src\main\AndroidManifest.xml:6:9-35
23        android:appComponentFactory="androidx.core.app.CoreComponentFactory"
23-->[androidx.core:core:1.9.0] AndroidManifest.xml:28:18-86
24        android:dataExtractionRules="@xml/data_extraction_rules"
24-->src\main\AndroidManifest.xml:7:9-65
25        android:debuggable="true"
26        android:extractNativeLibs="false"
27        android:fullBackupContent="@xml/backup_rules"
27-->src\main\AndroidManifest.xml:8:9-54
28        android:icon="@mipmap/ic_launcher"
28-->src\main\AndroidManifest.xml:9:9-43
29        android:label="@string/app_name"
29-->src\main\AndroidManifest.xml:10:9-41
30        android:roundIcon="@mipmap/ic_launcher_round"
30-->src\main\AndroidManifest.xml:11:9-54
31        android:supportsRtl="true"
31-->src\main\AndroidManifest.xml:12:9-35
32        android:testOnly="true"
33        android:theme="@style/Theme.Firebase" >
33-->src\main\AndroidManifest.xml:13:9-46
34        <activity
34-->src\main\AndroidManifest.xml:15:9-25:20
35            android:name="com.dam.pmdm.firebase.MainActivity"
35-->src\main\AndroidManifest.xml:16:13-41
36            android:exported="true"
36-->src\main\AndroidManifest.xml:17:13-36
37            android:label="@string/app_name"
37-->src\main\AndroidManifest.xml:18:13-45
38            android:theme="@style/Theme.Firebase" >
38-->src\main\AndroidManifest.xml:19:13-50
39            <intent-filter>
39-->src\main\AndroidManifest.xml:20:13-24:29
40                <action android:name="android.intent.action.MAIN" />
40-->src\main\AndroidManifest.xml:21:17-69
40-->src\main\AndroidManifest.xml:21:25-66
41
42                <category android:name="android.intent.category.LAUNCHER" />
42-->src\main\AndroidManifest.xml:23:17-77
42-->src\main\AndroidManifest.xml:23:27-74
43            </intent-filter>
44        </activity>
45        <activity
45-->[com.google.firebase:firebase-auth:22.3.1] AndroidManifest.xml:29:9-46:20
46            android:name="com.google.firebase.auth.internal.GenericIdpActivity"
46-->[com.google.firebase:firebase-auth:22.3.1] AndroidManifest.xml:30:13-80
47            android:excludeFromRecents="true"
47-->[com.google.firebase:firebase-auth:22.3.1] AndroidManifest.xml:31:13-46
48            android:exported="true"
48-->[com.google.firebase:firebase-auth:22.3.1] AndroidManifest.xml:32:13-36
49            android:launchMode="singleTask"
49-->[com.google.firebase:firebase-auth:22.3.1] AndroidManifest.xml:33:13-44
50            android:theme="@android:style/Theme.Translucent.NoTitleBar" >
50-->[com.google.firebase:firebase-auth:22.3.1] AndroidManifest.xml:34:13-72
51            <intent-filter>
51-->[com.google.firebase:firebase-auth:22.3.1] AndroidManifest.xml:35:13-45:29
52                <action android:name="android.intent.action.VIEW" />
52-->[com.google.firebase:firebase-auth:22.3.1] AndroidManifest.xml:36:17-69
52-->[com.google.firebase:firebase-auth:22.3.1] AndroidManifest.xml:36:25-66
53
54                <category android:name="android.intent.category.DEFAULT" />
54-->[com.google.firebase:firebase-auth:22.3.1] AndroidManifest.xml:38:17-76
54-->[com.google.firebase:firebase-auth:22.3.1] AndroidManifest.xml:38:27-73
55                <category android:name="android.intent.category.BROWSABLE" />
55-->[com.google.firebase:firebase-auth:22.3.1] AndroidManifest.xml:39:17-78
55-->[com.google.firebase:firebase-auth:22.3.1] AndroidManifest.xml:39:27-75
56
57                <data
57-->[com.google.firebase:firebase-auth:22.3.1] AndroidManifest.xml:41:17-44:51
58                    android:host="firebase.auth"
58-->[com.google.firebase:firebase-auth:22.3.1] AndroidManifest.xml:42:21-49
59                    android:path="/"
59-->[com.google.firebase:firebase-auth:22.3.1] AndroidManifest.xml:43:21-37
60                    android:scheme="genericidp" />
60-->[com.google.firebase:firebase-auth:22.3.1] AndroidManifest.xml:44:21-48
61            </intent-filter>
62        </activity>
63        <activity
63-->[com.google.firebase:firebase-auth:22.3.1] AndroidManifest.xml:47:9-64:20
64            android:name="com.google.firebase.auth.internal.RecaptchaActivity"
64-->[com.google.firebase:firebase-auth:22.3.1] AndroidManifest.xml:48:13-79
65            android:excludeFromRecents="true"
65-->[com.google.firebase:firebase-auth:22.3.1] AndroidManifest.xml:49:13-46
66            android:exported="true"
66-->[com.google.firebase:firebase-auth:22.3.1] AndroidManifest.xml:50:13-36
67            android:launchMode="singleTask"
67-->[com.google.firebase:firebase-auth:22.3.1] AndroidManifest.xml:51:13-44
68            android:theme="@android:style/Theme.Translucent.NoTitleBar" >
68-->[com.google.firebase:firebase-auth:22.3.1] AndroidManifest.xml:52:13-72
69            <intent-filter>
69-->[com.google.firebase:firebase-auth:22.3.1] AndroidManifest.xml:53:13-63:29
70                <action android:name="android.intent.action.VIEW" />
70-->[com.google.firebase:firebase-auth:22.3.1] AndroidManifest.xml:36:17-69
70-->[com.google.firebase:firebase-auth:22.3.1] AndroidManifest.xml:36:25-66
71
72                <category android:name="android.intent.category.DEFAULT" />
72-->[com.google.firebase:firebase-auth:22.3.1] AndroidManifest.xml:38:17-76
72-->[com.google.firebase:firebase-auth:22.3.1] AndroidManifest.xml:38:27-73
73                <category android:name="android.intent.category.BROWSABLE" />
73-->[com.google.firebase:firebase-auth:22.3.1] AndroidManifest.xml:39:17-78
73-->[com.google.firebase:firebase-auth:22.3.1] AndroidManifest.xml:39:27-75
74
75                <data
75-->[com.google.firebase:firebase-auth:22.3.1] AndroidManifest.xml:41:17-44:51
76                    android:host="firebase.auth"
76-->[com.google.firebase:firebase-auth:22.3.1] AndroidManifest.xml:42:21-49
77                    android:path="/"
77-->[com.google.firebase:firebase-auth:22.3.1] AndroidManifest.xml:43:21-37
78                    android:scheme="recaptcha" />
78-->[com.google.firebase:firebase-auth:22.3.1] AndroidManifest.xml:44:21-48
79            </intent-filter>
80        </activity>
81
82        <service
82-->[com.google.firebase:firebase-auth:22.3.1] AndroidManifest.xml:66:9-72:19
83            android:name="com.google.firebase.components.ComponentDiscoveryService"
83-->[com.google.firebase:firebase-auth:22.3.1] AndroidManifest.xml:67:13-84
84            android:directBootAware="true"
84-->[com.google.firebase:firebase-common:20.4.2] AndroidManifest.xml:32:13-43
85            android:exported="false" >
85-->[com.google.firebase:firebase-auth:22.3.1] AndroidManifest.xml:68:13-37
86            <meta-data
86-->[com.google.firebase:firebase-auth:22.3.1] AndroidManifest.xml:69:13-71:85
87                android:name="com.google.firebase.components:com.google.firebase.auth.FirebaseAuthRegistrar"
87-->[com.google.firebase:firebase-auth:22.3.1] AndroidManifest.xml:70:17-109
88                android:value="com.google.firebase.components.ComponentRegistrar" />
88-->[com.google.firebase:firebase-auth:22.3.1] AndroidManifest.xml:71:17-82
89            <meta-data
89-->[com.google.firebase:firebase-common-ktx:20.4.2] AndroidManifest.xml:12:13-14:85
90                android:name="com.google.firebase.components:com.google.firebase.ktx.FirebaseCommonLegacyRegistrar"
90-->[com.google.firebase:firebase-common-ktx:20.4.2] AndroidManifest.xml:13:17-116
91                android:value="com.google.firebase.components.ComponentRegistrar" />
91-->[com.google.firebase:firebase-common-ktx:20.4.2] AndroidManifest.xml:14:17-82
92            <meta-data
92-->[com.google.firebase:firebase-common:20.4.2] AndroidManifest.xml:35:13-37:85
93                android:name="com.google.firebase.components:com.google.firebase.FirebaseCommonKtxRegistrar"
93-->[com.google.firebase:firebase-common:20.4.2] AndroidManifest.xml:36:17-109
94                android:value="com.google.firebase.components.ComponentRegistrar" />
94-->[com.google.firebase:firebase-common:20.4.2] AndroidManifest.xml:37:17-82
95        </service>
96
97        <activity
97-->[androidx.compose.ui:ui-test-manifest:1.4.0] AndroidManifest.xml:23:9-25:39
98            android:name="androidx.activity.ComponentActivity"
98-->[androidx.compose.ui:ui-test-manifest:1.4.0] AndroidManifest.xml:24:13-63
99            android:exported="true" />
99-->[androidx.compose.ui:ui-test-manifest:1.4.0] AndroidManifest.xml:25:13-36
100        <activity
100-->[androidx.compose.ui:ui-tooling:1.4.0] AndroidManifest.xml:23:9-25:39
101            android:name="androidx.compose.ui.tooling.PreviewActivity"
101-->[androidx.compose.ui:ui-tooling:1.4.0] AndroidManifest.xml:24:13-71
102            android:exported="true" />
102-->[androidx.compose.ui:ui-tooling:1.4.0] AndroidManifest.xml:25:13-36
103
104        <service
104-->[com.google.android.gms:play-services-mlkit-face-detection:17.1.0] AndroidManifest.xml:9:9-15:19
105            android:name="com.google.mlkit.common.internal.MlKitComponentDiscoveryService"
105-->[com.google.android.gms:play-services-mlkit-face-detection:17.1.0] AndroidManifest.xml:10:13-91
106            android:directBootAware="true"
106-->[com.google.mlkit:common:18.5.0] AndroidManifest.xml:17:13-43
107            android:exported="false" >
107-->[com.google.android.gms:play-services-mlkit-face-detection:17.1.0] AndroidManifest.xml:11:13-37
108            <meta-data
108-->[com.google.android.gms:play-services-mlkit-face-detection:17.1.0] AndroidManifest.xml:12:13-14:85
109                android:name="com.google.firebase.components:com.google.mlkit.vision.face.internal.FaceRegistrar"
109-->[com.google.android.gms:play-services-mlkit-face-detection:17.1.0] AndroidManifest.xml:13:17-114
110                android:value="com.google.firebase.components.ComponentRegistrar" />
110-->[com.google.android.gms:play-services-mlkit-face-detection:17.1.0] AndroidManifest.xml:14:17-82
111            <meta-data
111-->[com.google.mlkit:vision-common:17.2.0] AndroidManifest.xml:12:13-14:85
112                android:name="com.google.firebase.components:com.google.mlkit.vision.common.internal.VisionCommonRegistrar"
112-->[com.google.mlkit:vision-common:17.2.0] AndroidManifest.xml:13:17-124
113                android:value="com.google.firebase.components.ComponentRegistrar" />
113-->[com.google.mlkit:vision-common:17.2.0] AndroidManifest.xml:14:17-82
114            <meta-data
114-->[com.google.mlkit:common:18.5.0] AndroidManifest.xml:20:13-22:85
115                android:name="com.google.firebase.components:com.google.mlkit.common.internal.CommonComponentRegistrar"
115-->[com.google.mlkit:common:18.5.0] AndroidManifest.xml:21:17-120
116                android:value="com.google.firebase.components.ComponentRegistrar" />
116-->[com.google.mlkit:common:18.5.0] AndroidManifest.xml:22:17-82
117        </service>
118
119        <provider
119-->[com.google.firebase:firebase-common:20.4.2] AndroidManifest.xml:23:9-28:39
120            android:name="com.google.firebase.provider.FirebaseInitProvider"
120-->[com.google.firebase:firebase-common:20.4.2] AndroidManifest.xml:24:13-77
121            android:authorities="com.dam.pmdm.firebase.firebaseinitprovider"
121-->[com.google.firebase:firebase-common:20.4.2] AndroidManifest.xml:25:13-72
122            android:directBootAware="true"
122-->[com.google.firebase:firebase-common:20.4.2] AndroidManifest.xml:26:13-43
123            android:exported="false"
123-->[com.google.firebase:firebase-common:20.4.2] AndroidManifest.xml:27:13-37
124            android:initOrder="100" />
124-->[com.google.firebase:firebase-common:20.4.2] AndroidManifest.xml:28:13-36
125        <provider
125-->[com.google.mlkit:common:18.5.0] AndroidManifest.xml:9:9-13:38
126            android:name="com.google.mlkit.common.internal.MlKitInitProvider"
126-->[com.google.mlkit:common:18.5.0] AndroidManifest.xml:10:13-78
127            android:authorities="com.dam.pmdm.firebase.mlkitinitprovider"
127-->[com.google.mlkit:common:18.5.0] AndroidManifest.xml:11:13-69
128            android:exported="false"
128-->[com.google.mlkit:common:18.5.0] AndroidManifest.xml:12:13-37
129            android:initOrder="99" />
129-->[com.google.mlkit:common:18.5.0] AndroidManifest.xml:13:13-35
130
131        <activity
131-->[com.google.android.gms:play-services-base:18.1.0] AndroidManifest.xml:20:9-22:45
132            android:name="com.google.android.gms.common.api.GoogleApiActivity"
132-->[com.google.android.gms:play-services-base:18.1.0] AndroidManifest.xml:20:19-85
133            android:exported="false"
133-->[com.google.android.gms:play-services-base:18.1.0] AndroidManifest.xml:22:19-43
134            android:theme="@android:style/Theme.Translucent.NoTitleBar" />
134-->[com.google.android.gms:play-services-base:18.1.0] AndroidManifest.xml:21:19-78
135
136        <meta-data
136-->[com.google.android.gms:play-services-basement:18.1.0] AndroidManifest.xml:21:9-23:69
137            android:name="com.google.android.gms.version"
137-->[com.google.android.gms:play-services-basement:18.1.0] AndroidManifest.xml:22:13-58
138            android:value="@integer/google_play_services_version" />
138-->[com.google.android.gms:play-services-basement:18.1.0] AndroidManifest.xml:23:13-66
139
140        <provider
140-->[androidx.emoji2:emoji2:1.3.0] AndroidManifest.xml:24:9-32:20
141            android:name="androidx.startup.InitializationProvider"
141-->[androidx.emoji2:emoji2:1.3.0] AndroidManifest.xml:25:13-67
142            android:authorities="com.dam.pmdm.firebase.androidx-startup"
142-->[androidx.emoji2:emoji2:1.3.0] AndroidManifest.xml:26:13-68
143            android:exported="false" >
143-->[androidx.emoji2:emoji2:1.3.0] AndroidManifest.xml:27:13-37
144            <meta-data
144-->[androidx.emoji2:emoji2:1.3.0] AndroidManifest.xml:29:13-31:52
145                android:name="androidx.emoji2.text.EmojiCompatInitializer"
145-->[androidx.emoji2:emoji2:1.3.0] AndroidManifest.xml:30:17-75
146                android:value="androidx.startup" />
146-->[androidx.emoji2:emoji2:1.3.0] AndroidManifest.xml:31:17-49
147            <meta-data
147-->[androidx.lifecycle:lifecycle-process:2.6.2] AndroidManifest.xml:29:13-31:52
148                android:name="androidx.lifecycle.ProcessLifecycleInitializer"
148-->[androidx.lifecycle:lifecycle-process:2.6.2] AndroidManifest.xml:30:17-78
149                android:value="androidx.startup" />
149-->[androidx.lifecycle:lifecycle-process:2.6.2] AndroidManifest.xml:31:17-49
150            <meta-data
150-->[androidx.profileinstaller:profileinstaller:1.3.0] AndroidManifest.xml:29:13-31:52
151                android:name="androidx.profileinstaller.ProfileInstallerInitializer"
151-->[androidx.profileinstaller:profileinstaller:1.3.0] AndroidManifest.xml:30:17-85
152                android:value="androidx.startup" />
152-->[androidx.profileinstaller:profileinstaller:1.3.0] AndroidManifest.xml:31:17-49
153        </provider>
154
155        <service
155-->[com.google.android.datatransport:transport-backend-cct:2.3.3] AndroidManifest.xml:29:9-35:19
156            android:name="com.google.android.datatransport.runtime.backends.TransportBackendDiscovery"
156-->[com.google.android.datatransport:transport-backend-cct:2.3.3] AndroidManifest.xml:30:13-103
157            android:exported="false" >
157-->[com.google.android.datatransport:transport-backend-cct:2.3.3] AndroidManifest.xml:31:13-37
158            <meta-data
158-->[com.google.android.datatransport:transport-backend-cct:2.3.3] AndroidManifest.xml:32:13-34:39
159                android:name="backend:com.google.android.datatransport.cct.CctBackendFactory"
159-->[com.google.android.datatransport:transport-backend-cct:2.3.3] AndroidManifest.xml:33:17-94
160                android:value="cct" />
160-->[com.google.android.datatransport:transport-backend-cct:2.3.3] AndroidManifest.xml:34:17-36
161        </service>
162        <service
162-->[com.google.android.datatransport:transport-runtime:2.2.6] AndroidManifest.xml:26:9-30:19
163            android:name="com.google.android.datatransport.runtime.scheduling.jobscheduling.JobInfoSchedulerService"
163-->[com.google.android.datatransport:transport-runtime:2.2.6] AndroidManifest.xml:27:13-117
164            android:exported="false"
164-->[com.google.android.datatransport:transport-runtime:2.2.6] AndroidManifest.xml:28:13-37
165            android:permission="android.permission.BIND_JOB_SERVICE" >
165-->[com.google.android.datatransport:transport-runtime:2.2.6] AndroidManifest.xml:29:13-69
166        </service>
167
168        <receiver
168-->[com.google.android.datatransport:transport-runtime:2.2.6] AndroidManifest.xml:32:9-34:40
169            android:name="com.google.android.datatransport.runtime.scheduling.jobscheduling.AlarmManagerSchedulerBroadcastReceiver"
169-->[com.google.android.datatransport:transport-runtime:2.2.6] AndroidManifest.xml:33:13-132
170            android:exported="false" />
170-->[com.google.android.datatransport:transport-runtime:2.2.6] AndroidManifest.xml:34:13-37
171        <receiver
171-->[androidx.profileinstaller:profileinstaller:1.3.0] AndroidManifest.xml:34:9-52:20
172            android:name="androidx.profileinstaller.ProfileInstallReceiver"
172-->[androidx.profileinstaller:profileinstaller:1.3.0] AndroidManifest.xml:35:13-76
173            android:directBootAware="false"
173-->[androidx.profileinstaller:profileinstaller:1.3.0] AndroidManifest.xml:36:13-44
174            android:enabled="true"
174-->[androidx.profileinstaller:profileinstaller:1.3.0] AndroidManifest.xml:37:13-35
175            android:exported="true"
175-->[androidx.profileinstaller:profileinstaller:1.3.0] AndroidManifest.xml:38:13-36
176            android:permission="android.permission.DUMP" >
176-->[androidx.profileinstaller:profileinstaller:1.3.0] AndroidManifest.xml:39:13-57
177            <intent-filter>
177-->[androidx.profileinstaller:profileinstaller:1.3.0] AndroidManifest.xml:40:13-42:29
178                <action android:name="androidx.profileinstaller.action.INSTALL_PROFILE" />
178-->[androidx.profileinstaller:profileinstaller:1.3.0] AndroidManifest.xml:41:17-91
178-->[androidx.profileinstaller:profileinstaller:1.3.0] AndroidManifest.xml:41:25-88
179            </intent-filter>
180            <intent-filter>
180-->[androidx.profileinstaller:profileinstaller:1.3.0] AndroidManifest.xml:43:13-45:29
181                <action android:name="androidx.profileinstaller.action.SKIP_FILE" />
181-->[androidx.profileinstaller:profileinstaller:1.3.0] AndroidManifest.xml:44:17-85
181-->[androidx.profileinstaller:profileinstaller:1.3.0] AndroidManifest.xml:44:25-82
182            </intent-filter>
183            <intent-filter>
183-->[androidx.profileinstaller:profileinstaller:1.3.0] AndroidManifest.xml:46:13-48:29
184                <action android:name="androidx.profileinstaller.action.SAVE_PROFILE" />
184-->[androidx.profileinstaller:profileinstaller:1.3.0] AndroidManifest.xml:47:17-88
184-->[androidx.profileinstaller:profileinstaller:1.3.0] AndroidManifest.xml:47:25-85
185            </intent-filter>
186            <intent-filter>
186-->[androidx.profileinstaller:profileinstaller:1.3.0] AndroidManifest.xml:49:13-51:29
187                <action android:name="androidx.profileinstaller.action.BENCHMARK_OPERATION" />
187-->[androidx.profileinstaller:profileinstaller:1.3.0] AndroidManifest.xml:50:17-95
187-->[androidx.profileinstaller:profileinstaller:1.3.0] AndroidManifest.xml:50:25-92
188            </intent-filter>
189        </receiver>
190    </application>
191
192</manifest>